d:\feiq\trochilus\client\generator\generator\debug\generator.pch
d:\feiq\trochilus\client\generator\generator\debug\vc142.pdb
d:\feiq\trochilus\client\generator\generator\debug\vc142.idb
d:\feiq\trochilus\client\generator\generator\debug\stdafx.obj
d:\feiq\trochilus\client\generator\generator\debug\generatordlg.obj
d:\feiq\trochilus\client\generator\generator\debug\generator.obj
d:\feiq\trochilus\client\bind\generator.ilk
d:\feiq\trochilus\client\bind\generator.exe
d:\feiq\trochilus\client\bind\generator.pdb
d:\feiq\trochilus\client\generator\generator\debug\generator.res
d:\feiq\trochilus\client\generator\generator\../../bind/generator.exe
d:\feiq\trochilus\client\generator\generator\debug\generator.tlog\cl.command.1.tlog
d:\feiq\trochilus\client\generator\generator\debug\generator.tlog\cl.read.1.tlog
d:\feiq\trochilus\client\generator\generator\debug\generator.tlog\cl.write.1.tlog
d:\feiq\trochilus\client\generator\generator\debug\generator.tlog\link.command.1.tlog
d:\feiq\trochilus\client\generator\generator\debug\generator.tlog\link.read.1.tlog
d:\feiq\trochilus\client\generator\generator\debug\generator.tlog\link.write.1.tlog
d:\feiq\trochilus\client\generator\generator\debug\generator.tlog\rc.command.1.tlog
d:\feiq\trochilus\client\generator\generator\debug\generator.tlog\rc.read.1.tlog
d:\feiq\trochilus\client\generator\generator\debug\generator.tlog\rc.write.1.tlog
