d:\feiq\trochilus\client\generator\generator\release\generator.pch
d:\feiq\trochilus\client\generator\generator\release\vc142.pdb
d:\feiq\trochilus\client\generator\generator\release\stdafx.obj
d:\feiq\trochilus\client\generator\generator\release\generatordlg.obj
d:\feiq\trochilus\client\generator\generator\release\generator.obj
d:\feiq\trochilus\client\bin\generator.ipdb
d:\feiq\trochilus\client\bin\generator.iobj
d:\feiq\trochilus\client\bin\generator.exe
d:\feiq\trochilus\client\bin\generator.pdb
d:\feiq\trochilus\client\generator\generator\release\generator.res
d:\feiq\trochilus\client\generator\generator\../../bin/generator.exe
d:\feiq\trochilus\client\generator\generator\release\generator.tlog\cl.command.1.tlog
d:\feiq\trochilus\client\generator\generator\release\generator.tlog\cl.read.1.tlog
d:\feiq\trochilus\client\generator\generator\release\generator.tlog\cl.write.1.tlog
d:\feiq\trochilus\client\generator\generator\release\generator.tlog\generator.write.1u.tlog
d:\feiq\trochilus\client\generator\generator\release\generator.tlog\link.command.1.tlog
d:\feiq\trochilus\client\generator\generator\release\generator.tlog\link.read.1.tlog
d:\feiq\trochilus\client\generator\generator\release\generator.tlog\link.write.1.tlog
d:\feiq\trochilus\client\generator\generator\release\generator.tlog\rc.command.1.tlog
d:\feiq\trochilus\client\generator\generator\release\generator.tlog\rc.read.1.tlog
d:\feiq\trochilus\client\generator\generator\release\generator.tlog\rc.write.1.tlog
