d:\feiq\trochilus\server\trochilus\trochilus\release\trochilus.pch
d:\feiq\trochilus\server\trochilus\trochilus\release\vc142.pdb
d:\feiq\trochilus\server\trochilus\trochilus\release\stdafx.obj
d:\feiq\trochilus\server\trochilus\trochilus\release\reportctrl.obj
d:\feiq\trochilus\server\trochilus\trochilus\release\progresslistctrl.obj
d:\feiq\trochilus\server\trochilus\trochilus\release\filepaneldlg.obj
d:\feiq\trochilus\server\trochilus\trochilus\release\listendlg.obj
d:\feiq\trochilus\server\trochilus\trochilus\release\iconloader.obj
d:\feiq\trochilus\server\trochilus\trochilus\release\hostlist.obj
d:\feiq\trochilus\server\trochilus\trochilus\release\hostdlg.obj
d:\feiq\trochilus\server\trochilus\trochilus\release\filemgrdlg.obj
d:\feiq\trochilus\server\trochilus\trochilus\release\downdlg.obj
d:\feiq\trochilus\server\trochilus\trochilus\release\common.obj
d:\feiq\trochilus\server\trochilus\trochilus\release\colorprogressctrl.obj
d:\feiq\trochilus\server\trochilus\trochilus\release\cmddlg.obj
d:\feiq\trochilus\server\trochilus\trochilus\release\tstring.obj
d:\feiq\trochilus\server\trochilus\trochilus\release\threadarray.obj
d:\feiq\trochilus\server\trochilus\trochilus\release\repeattask.obj
d:\feiq\trochilus\server\trochilus\trochilus\release\ods.obj
d:\feiq\trochilus\server\trochilus\trochilus\release\resizer.obj
d:\feiq\trochilus\server\trochilus\trochilus\release\json_writer.obj
d:\feiq\trochilus\server\trochilus\trochilus\release\json_value.obj
d:\feiq\trochilus\server\trochilus\trochilus\release\json_reader.obj
d:\feiq\trochilus\server\trochilus\trochilus\release\trochilusdlg.obj
d:\feiq\trochilus\server\trochilus\trochilus\release\trochilus.obj
d:\feiq\trochilus\server\trochilus\trochilus\release\transferdlg.obj
d:\feiq\trochilus\server\bin\trochilus.exe
d:\feiq\trochilus\server\bin\trochilus.pdb
d:\feiq\trochilus\server\trochilus\trochilus\release\trochilus.res
d:\feiq\trochilus\server\bin\trochilus.ipdb
d:\feiq\trochilus\server\bin\trochilus.iobj
d:\feiq\trochilus\server\trochilus\trochilus\..\..\bin\trochilus.exe
d:\feiq\trochilus\server\trochilus\trochilus\release\trochilus.tlog\cl.command.1.tlog
d:\feiq\trochilus\server\trochilus\trochilus\release\trochilus.tlog\cl.read.1.tlog
d:\feiq\trochilus\server\trochilus\trochilus\release\trochilus.tlog\cl.write.1.tlog
d:\feiq\trochilus\server\trochilus\trochilus\release\trochilus.tlog\link.command.1.tlog
d:\feiq\trochilus\server\trochilus\trochilus\release\trochilus.tlog\link.read.1.tlog
d:\feiq\trochilus\server\trochilus\trochilus\release\trochilus.tlog\link.write.1.tlog
d:\feiq\trochilus\server\trochilus\trochilus\release\trochilus.tlog\rc.command.1.tlog
d:\feiq\trochilus\server\trochilus\trochilus\release\trochilus.tlog\rc.read.1.tlog
d:\feiq\trochilus\server\trochilus\trochilus\release\trochilus.tlog\rc.write.1.tlog
d:\feiq\trochilus\server\trochilus\trochilus\release\trochilus.tlog\trochilus.write.1u.tlog
