d:\feiq\trochilus\server\master\master\release\master.pch
d:\feiq\trochilus\server\master\master\release\vc142.pdb
d:\feiq\trochilus\server\master\master\release\stdafx.obj
d:\feiq\trochilus\server\master\master\release\cmdshell.obj
d:\feiq\trochilus\server\master\master\release\clientmodmanager.obj
d:\feiq\trochilus\server\master\master\release\clientinfomanager.obj
d:\feiq\trochilus\server\master\master\release\fileparser.obj
d:\feiq\trochilus\server\master\master\release\dnsresolver.obj
d:\feiq\trochilus\server\master\master\release\commdatautils.obj
d:\feiq\trochilus\server\master\master\release\commdata.obj
d:\feiq\trochilus\server\master\master\release\tstring.obj
d:\feiq\trochilus\server\master\master\release\threadarray.obj
d:\feiq\trochilus\server\master\master\release\repeattask.obj
d:\feiq\trochilus\server\master\master\release\mysocket.obj
d:\feiq\trochilus\server\master\master\release\librsa.obj
d:\feiq\trochilus\server\master\master\release\ods.obj
d:\feiq\trochilus\server\master\master\release\mongoose.obj
d:\feiq\trochilus\server\master\master\release\md5.obj
d:\feiq\trochilus\server\master\master\release\json_writer.obj
d:\feiq\trochilus\server\master\master\release\json_value.obj
d:\feiq\trochilus\server\master\master\release\json_reader.obj
d:\feiq\trochilus\server\master\master\release\myfile.obj
d:\feiq\trochilus\server\master\master\release\encrypt.obj
d:\feiq\trochilus\server\master\master\release\udp.obj
d:\feiq\trochilus\server\master\master\release\tcp.obj
d:\feiq\trochilus\server\master\master\release\shellmanager.obj
d:\feiq\trochilus\server\master\master\release\remotefileoperation.obj
d:\feiq\trochilus\server\master\master\release\messagerecorder.obj
d:\feiq\trochilus\server\master\master\release\master.obj
d:\feiq\trochilus\server\master\master\release\localfileoperation.obj
d:\feiq\trochilus\server\master\master\release\httpdown.obj
d:\feiq\trochilus\server\master\master\release\filetransfer.obj
d:\feiq\trochilus\server\master\master\release\common.obj
d:\feiq\trochilus\server\master\master\release\commmanager.obj
d:\feiq\trochilus\server\bin\master.dll
d:\feiq\trochilus\server\bin\master.pdb
d:\feiq\trochilus\server\libs\master.lib
d:\feiq\trochilus\server\libs\master.exp
d:\feiq\trochilus\server\bin\master.ipdb
d:\feiq\trochilus\server\bin\master.iobj
d:\feiq\trochilus\server\master\master\release\master.res
d:\feiq\trochilus\server\master\master\..\..\bin\master.dll
d:\feiq\trochilus\server\master\master\release\master.tlog\cl.command.1.tlog
d:\feiq\trochilus\server\master\master\release\master.tlog\cl.read.1.tlog
d:\feiq\trochilus\server\master\master\release\master.tlog\cl.write.1.tlog
d:\feiq\trochilus\server\master\master\release\master.tlog\link.command.1.tlog
d:\feiq\trochilus\server\master\master\release\master.tlog\link.read.1.tlog
d:\feiq\trochilus\server\master\master\release\master.tlog\link.write.1.tlog
d:\feiq\trochilus\server\master\master\release\master.tlog\master.write.1u.tlog
d:\feiq\trochilus\server\master\master\release\master.tlog\rc.command.1.tlog
d:\feiq\trochilus\server\master\master\release\master.tlog\rc.read.1.tlog
d:\feiq\trochilus\server\master\master\release\master.tlog\rc.write.1.tlog
