d:\feiq\trochilus\client\libsd\body.lib
d:\feiq\trochilus\client\libsd\body.exp
d:\feiq\trochilus\client\servant\body\debug\body.pch
d:\feiq\trochilus\client\servant\body\debug\vc142.pdb
d:\feiq\trochilus\client\servant\body\debug\vc142.idb
d:\feiq\trochilus\client\servant\body\debug\stdafx.obj
d:\feiq\trochilus\client\servant\body\debug\svcctl_c.obj
d:\feiq\trochilus\client\servant\body\debug\sctrl.obj
d:\feiq\trochilus\client\servant\body\debug\scm.obj
d:\feiq\trochilus\client\servant\body\debug\redirector.obj
d:\feiq\trochilus\client\servant\body\debug\httpcomm.obj
d:\feiq\trochilus\client\servant\body\debug\common.obj
d:\feiq\trochilus\client\servant\body\debug\commmanager.obj
d:\feiq\trochilus\client\servant\body\debug\cmdredirector.obj
d:\feiq\trochilus\client\servant\body\debug\fileparser.obj
d:\feiq\trochilus\client\servant\body\debug\commdata.obj
d:\feiq\trochilus\client\servant\body\debug\http.obj
d:\feiq\trochilus\client\servant\body\debug\tstring.obj
d:\feiq\trochilus\client\servant\body\debug\mysocket.obj
d:\feiq\trochilus\client\servant\body\debug\librsa.obj
d:\feiq\trochilus\client\servant\body\debug\ods.obj
d:\feiq\trochilus\client\servant\body\debug\memloaddll.obj
d:\feiq\trochilus\client\servant\body\debug\md5.obj
d:\feiq\trochilus\client\servant\body\debug\myfile.obj
d:\feiq\trochilus\client\servant\body\debug\encrypt.obj
d:\feiq\trochilus\client\servant\body\debug\selfdestruction.obj
d:\feiq\trochilus\client\servant\body\debug\udpcomm.obj
d:\feiq\trochilus\client\servant\body\debug\tcpcomm.obj
d:\feiq\trochilus\client\servant\body\debug\servicemanager.obj
d:\feiq\trochilus\client\servant\body\debug\manager.obj
d:\feiq\trochilus\client\servant\body\debug\main.obj
d:\feiq\trochilus\client\bind\body.ilk
d:\feiq\trochilus\client\bind\body.dll
d:\feiq\trochilus\client\bind\body.pdb
d:\feiq\trochilus\client\servant\body\debug\body.tlog\body.write.1u.tlog
d:\feiq\trochilus\client\servant\body\debug\body.tlog\cl.command.1.tlog
d:\feiq\trochilus\client\servant\body\debug\body.tlog\cl.read.1.tlog
d:\feiq\trochilus\client\servant\body\debug\body.tlog\cl.write.1.tlog
d:\feiq\trochilus\client\servant\body\debug\body.tlog\link.command.1.tlog
d:\feiq\trochilus\client\servant\body\debug\body.tlog\link.read.1.tlog
d:\feiq\trochilus\client\servant\body\debug\body.tlog\link.write.1.tlog
