d:\feiq\trochilus\client\servant\shell\release\shell.pch
d:\feiq\trochilus\client\servant\shell\release\vc142.pdb
d:\feiq\trochilus\client\servant\shell\release\stdafx.obj
d:\feiq\trochilus\client\servant\shell\release\shell.obj
d:\feiq\trochilus\client\servant\shell\release\svtshell.obj
d:\feiq\trochilus\client\servant\shell\release\exports.obj
d:\feiq\trochilus\client\servant\shell\release\common.obj
d:\feiq\trochilus\client\servant\shell\release\chameleon.obj
d:\feiq\trochilus\client\servant\shell\release\tstring.obj
d:\feiq\trochilus\client\servant\shell\release\repeattask.obj
d:\feiq\trochilus\client\servant\shell\release\peutils.obj
d:\feiq\trochilus\client\servant\shell\release\ods.obj
d:\feiq\trochilus\client\servant\shell\release\memloaddll.obj
d:\feiq\trochilus\client\servant\shell\release\myfile.obj
d:\feiq\trochilus\client\servant\shell\release\selfdestruction.obj
d:\feiq\trochilus\client\bin\shell.dll
d:\feiq\trochilus\client\servant\shell\release\shell1.res
d:\feiq\trochilus\client\libs\shell.lib
d:\feiq\trochilus\client\libs\shell.exp
d:\feiq\trochilus\client\bin\shell.ipdb
d:\feiq\trochilus\client\bin\shell.iobj
d:\feiq\trochilus\client\servant\shell\..\..\bin\shell.dll
d:\feiq\trochilus\client\servant\shell\release\shell.tlog\cl.command.1.tlog
d:\feiq\trochilus\client\servant\shell\release\shell.tlog\cl.read.1.tlog
d:\feiq\trochilus\client\servant\shell\release\shell.tlog\cl.write.1.tlog
d:\feiq\trochilus\client\servant\shell\release\shell.tlog\link.command.1.tlog
d:\feiq\trochilus\client\servant\shell\release\shell.tlog\link.read.1.tlog
d:\feiq\trochilus\client\servant\shell\release\shell.tlog\link.write.1.tlog
d:\feiq\trochilus\client\servant\shell\release\shell.tlog\rc.command.1.tlog
d:\feiq\trochilus\client\servant\shell\release\shell.tlog\rc.read.1.tlog
d:\feiq\trochilus\client\servant\shell\release\shell.tlog\rc.write.1.tlog
d:\feiq\trochilus\client\servant\shell\release\shell.tlog\shell.write.1u.tlog
