d:\feiq\trochilus\client\servant\shell\debug\shell.pch
d:\feiq\trochilus\client\servant\shell\debug\vc142.pdb
d:\feiq\trochilus\client\servant\shell\debug\vc142.idb
d:\feiq\trochilus\client\servant\shell\debug\stdafx.obj
d:\feiq\trochilus\client\servant\shell\debug\shell.obj
d:\feiq\trochilus\client\servant\shell\debug\svtshell.obj
d:\feiq\trochilus\client\servant\shell\debug\exports.obj
d:\feiq\trochilus\client\servant\shell\debug\common.obj
d:\feiq\trochilus\client\servant\shell\debug\chameleon.obj
d:\feiq\trochilus\client\servant\shell\debug\tstring.obj
d:\feiq\trochilus\client\servant\shell\debug\repeattask.obj
d:\feiq\trochilus\client\servant\shell\debug\peutils.obj
d:\feiq\trochilus\client\servant\shell\debug\ods.obj
d:\feiq\trochilus\client\servant\shell\debug\memloaddll.obj
d:\feiq\trochilus\client\servant\shell\debug\myfile.obj
d:\feiq\trochilus\client\servant\shell\debug\selfdestruction.obj
d:\feiq\trochilus\client\bind\shell.ilk
d:\feiq\trochilus\client\bind\shell.dll
d:\feiq\trochilus\client\bind\shell.pdb
d:\feiq\trochilus\client\servant\shell\debug\shell1.res
d:\feiq\trochilus\client\libsd\shell.lib
d:\feiq\trochilus\client\libsd\shell.exp
d:\feiq\trochilus\client\servant\shell\debug\shell.tlog\cl.command.1.tlog
d:\feiq\trochilus\client\servant\shell\debug\shell.tlog\cl.read.1.tlog
d:\feiq\trochilus\client\servant\shell\debug\shell.tlog\cl.write.1.tlog
d:\feiq\trochilus\client\servant\shell\debug\shell.tlog\link.command.1.tlog
d:\feiq\trochilus\client\servant\shell\debug\shell.tlog\link.read.1.tlog
d:\feiq\trochilus\client\servant\shell\debug\shell.tlog\link.write.1.tlog
d:\feiq\trochilus\client\servant\shell\debug\shell.tlog\rc.command.1.tlog
d:\feiq\trochilus\client\servant\shell\debug\shell.tlog\rc.read.1.tlog
d:\feiq\trochilus\client\servant\shell\debug\shell.tlog\rc.write.1.tlog
d:\feiq\trochilus\client\servant\shell\debug\shell.tlog\shell.write.1u.tlog
