d:\feiq\trochilus\server\midutils\midutils\release\vc142.pdb
d:\feiq\trochilus\server\midutils\midutils\release\tinyxmlparser.obj
d:\feiq\trochilus\server\midutils\midutils\release\tinyxmlerror.obj
d:\feiq\trochilus\server\midutils\midutils\release\tinyxml.obj
d:\feiq\trochilus\server\midutils\midutils\release\tinystr.obj
d:\feiq\trochilus\server\midutils\midutils\release\midutils.obj
d:\feiq\trochilus\server\bin\midutils.dll
d:\feiq\trochilus\server\bin\midutils.pdb
d:\feiq\trochilus\server\libs\midutils.lib
d:\feiq\trochilus\server\libs\midutils.exp
d:\feiq\trochilus\server\bin\midutils.ipdb
d:\feiq\trochilus\server\bin\midutils.iobj
d:\feiq\trochilus\server\midutils\midutils\../../bin\midutils.pdb
d:\feiq\trochilus\server\midutils\midutils\../../bin\midutils.dll
d:\feiq\trochilus\server\midutils\midutils\release\midutils.tlog\cl.command.1.tlog
d:\feiq\trochilus\server\midutils\midutils\release\midutils.tlog\cl.read.1.tlog
d:\feiq\trochilus\server\midutils\midutils\release\midutils.tlog\cl.write.1.tlog
d:\feiq\trochilus\server\midutils\midutils\release\midutils.tlog\link.command.1.tlog
d:\feiq\trochilus\server\midutils\midutils\release\midutils.tlog\link.read.1.tlog
d:\feiq\trochilus\server\midutils\midutils\release\midutils.tlog\link.write.1.tlog
d:\feiq\trochilus\server\midutils\midutils\release\midutils.tlog\midutils.write.1u.tlog
