d:\feiq\trochilus\server\trochilus\trochilus\debug\trochilus.pch
d:\feiq\trochilus\server\trochilus\trochilus\debug\vc142.pdb
d:\feiq\trochilus\server\trochilus\trochilus\debug\vc142.idb
d:\feiq\trochilus\server\trochilus\trochilus\debug\stdafx.obj
d:\feiq\trochilus\server\trochilus\trochilus\debug\reportctrl.obj
d:\feiq\trochilus\server\trochilus\trochilus\debug\progresslistctrl.obj
d:\feiq\trochilus\server\trochilus\trochilus\debug\filepaneldlg.obj
d:\feiq\trochilus\server\trochilus\trochilus\debug\listendlg.obj
d:\feiq\trochilus\server\trochilus\trochilus\debug\iconloader.obj
d:\feiq\trochilus\server\trochilus\trochilus\debug\hostlist.obj
d:\feiq\trochilus\server\trochilus\trochilus\debug\hostdlg.obj
d:\feiq\trochilus\server\trochilus\trochilus\debug\filemgrdlg.obj
d:\feiq\trochilus\server\trochilus\trochilus\debug\downdlg.obj
d:\feiq\trochilus\server\trochilus\trochilus\debug\common.obj
d:\feiq\trochilus\server\trochilus\trochilus\debug\colorprogressctrl.obj
d:\feiq\trochilus\server\trochilus\trochilus\debug\cmddlg.obj
d:\feiq\trochilus\server\trochilus\trochilus\debug\tstring.obj
d:\feiq\trochilus\server\trochilus\trochilus\debug\threadarray.obj
d:\feiq\trochilus\server\trochilus\trochilus\debug\repeattask.obj
d:\feiq\trochilus\server\trochilus\trochilus\debug\ods.obj
d:\feiq\trochilus\server\trochilus\trochilus\debug\resizer.obj
d:\feiq\trochilus\server\trochilus\trochilus\debug\json_writer.obj
d:\feiq\trochilus\server\trochilus\trochilus\debug\json_value.obj
d:\feiq\trochilus\server\trochilus\trochilus\debug\json_reader.obj
d:\feiq\trochilus\server\trochilus\trochilus\debug\trochilusdlg.obj
d:\feiq\trochilus\server\trochilus\trochilus\debug\trochilus.obj
d:\feiq\trochilus\server\trochilus\trochilus\debug\transferdlg.obj
d:\feiq\trochilus\server\bind\trochilus.exe
d:\feiq\trochilus\server\bind\trochilus.ilk
d:\feiq\trochilus\server\bind\trochilus.pdb
d:\feiq\trochilus\server\trochilus\trochilus\debug\trochilus.res
d:\feiq\trochilus\server\trochilus\trochilus\..\..\bind\trochilus.exe
d:\feiq\trochilus\server\trochilus\trochilus\debug\trochilus.tlog\cl.command.1.tlog
d:\feiq\trochilus\server\trochilus\trochilus\debug\trochilus.tlog\cl.read.1.tlog
d:\feiq\trochilus\server\trochilus\trochilus\debug\trochilus.tlog\cl.write.1.tlog
d:\feiq\trochilus\server\trochilus\trochilus\debug\trochilus.tlog\link.command.1.tlog
d:\feiq\trochilus\server\trochilus\trochilus\debug\trochilus.tlog\link.read.1.tlog
d:\feiq\trochilus\server\trochilus\trochilus\debug\trochilus.tlog\link.write.1.tlog
d:\feiq\trochilus\server\trochilus\trochilus\debug\trochilus.tlog\rc.command.1.tlog
d:\feiq\trochilus\server\trochilus\trochilus\debug\trochilus.tlog\rc.read.1.tlog
d:\feiq\trochilus\server\trochilus\trochilus\debug\trochilus.tlog\rc.write.1.tlog
