d:\feiq\trochilus\client\servant\body\release\body.pch
d:\feiq\trochilus\client\servant\body\release\vc142.pdb
d:\feiq\trochilus\client\servant\body\release\stdafx.obj
d:\feiq\trochilus\client\servant\body\release\svcctl_c.obj
d:\feiq\trochilus\client\servant\body\release\sctrl.obj
d:\feiq\trochilus\client\servant\body\release\scm.obj
d:\feiq\trochilus\client\servant\body\release\redirector.obj
d:\feiq\trochilus\client\servant\body\release\httpcomm.obj
d:\feiq\trochilus\client\servant\body\release\common.obj
d:\feiq\trochilus\client\servant\body\release\commmanager.obj
d:\feiq\trochilus\client\servant\body\release\cmdredirector.obj
d:\feiq\trochilus\client\servant\body\release\fileparser.obj
d:\feiq\trochilus\client\servant\body\release\commdata.obj
d:\feiq\trochilus\client\servant\body\release\http.obj
d:\feiq\trochilus\client\servant\body\release\tstring.obj
d:\feiq\trochilus\client\servant\body\release\mysocket.obj
d:\feiq\trochilus\client\servant\body\release\librsa.obj
d:\feiq\trochilus\client\servant\body\release\ods.obj
d:\feiq\trochilus\client\servant\body\release\memloaddll.obj
d:\feiq\trochilus\client\servant\body\release\md5.obj
d:\feiq\trochilus\client\servant\body\release\myfile.obj
d:\feiq\trochilus\client\servant\body\release\encrypt.obj
d:\feiq\trochilus\client\servant\body\release\selfdestruction.obj
d:\feiq\trochilus\client\servant\body\release\udpcomm.obj
d:\feiq\trochilus\client\servant\body\release\body.tlog\cl.command.1.tlog
d:\feiq\trochilus\client\servant\body\release\body.tlog\cl.read.1.tlog
d:\feiq\trochilus\client\servant\body\release\body.tlog\cl.write.1.tlog
