d:\feiq\trochilus\server\midutils\midutils\debug\vc142.pdb
d:\feiq\trochilus\server\midutils\midutils\debug\vc142.idb
d:\feiq\trochilus\server\midutils\midutils\debug\tinyxmlparser.obj
d:\feiq\trochilus\server\midutils\midutils\debug\tinyxmlerror.obj
d:\feiq\trochilus\server\midutils\midutils\debug\tinyxml.obj
d:\feiq\trochilus\server\midutils\midutils\debug\tinystr.obj
d:\feiq\trochilus\server\midutils\midutils\debug\midutils.obj
d:\feiq\trochilus\server\bind\midutils.ilk
d:\feiq\trochilus\server\bind\midutils.dll
d:\feiq\trochilus\server\bind\midutils.pdb
d:\feiq\trochilus\server\libsd\midutils.lib
d:\feiq\trochilus\server\libsd\midutils.exp
d:\feiq\trochilus\server\midutils\midutils\..\..\bind\midutils.pdb
d:\feiq\trochilus\server\midutils\midutils\..\..\bind\midutils.dll
d:\feiq\trochilus\server\midutils\midutils\..\..\bind\midutils.ilk
d:\feiq\trochilus\server\midutils\midutils\debug\midutils.tlog\cl.command.1.tlog
d:\feiq\trochilus\server\midutils\midutils\debug\midutils.tlog\cl.read.1.tlog
d:\feiq\trochilus\server\midutils\midutils\debug\midutils.tlog\cl.write.1.tlog
d:\feiq\trochilus\server\midutils\midutils\debug\midutils.tlog\link.command.1.tlog
d:\feiq\trochilus\server\midutils\midutils\debug\midutils.tlog\link.read.1.tlog
d:\feiq\trochilus\server\midutils\midutils\debug\midutils.tlog\link.write.1.tlog
d:\feiq\trochilus\server\midutils\midutils\debug\midutils.tlog\midutils.write.1u.tlog
