d:\feiq\trochilus\server\master\master\debug\master.pch
d:\feiq\trochilus\server\master\master\debug\vc142.pdb
d:\feiq\trochilus\server\master\master\debug\vc142.idb
d:\feiq\trochilus\server\master\master\debug\stdafx.obj
d:\feiq\trochilus\server\master\master\debug\cmdshell.obj
d:\feiq\trochilus\server\master\master\debug\clientmodmanager.obj
d:\feiq\trochilus\server\master\master\debug\clientinfomanager.obj
d:\feiq\trochilus\server\master\master\debug\fileparser.obj
d:\feiq\trochilus\server\master\master\debug\dnsresolver.obj
d:\feiq\trochilus\server\master\master\debug\commdatautils.obj
d:\feiq\trochilus\server\master\master\debug\commdata.obj
d:\feiq\trochilus\server\master\master\debug\tstring.obj
d:\feiq\trochilus\server\master\master\debug\threadarray.obj
d:\feiq\trochilus\server\master\master\debug\repeattask.obj
d:\feiq\trochilus\server\master\master\debug\mysocket.obj
d:\feiq\trochilus\server\master\master\debug\librsa.obj
d:\feiq\trochilus\server\master\master\debug\ods.obj
d:\feiq\trochilus\server\master\master\debug\mongoose.obj
d:\feiq\trochilus\server\master\master\debug\md5.obj
d:\feiq\trochilus\server\master\master\debug\json_writer.obj
d:\feiq\trochilus\server\master\master\debug\json_value.obj
d:\feiq\trochilus\server\master\master\debug\json_reader.obj
d:\feiq\trochilus\server\master\master\debug\myfile.obj
d:\feiq\trochilus\server\master\master\debug\encrypt.obj
d:\feiq\trochilus\server\master\master\debug\udp.obj
d:\feiq\trochilus\server\master\master\debug\tcp.obj
d:\feiq\trochilus\server\master\master\debug\shellmanager.obj
d:\feiq\trochilus\server\master\master\debug\remotefileoperation.obj
d:\feiq\trochilus\server\master\master\debug\messagerecorder.obj
d:\feiq\trochilus\server\master\master\debug\master.obj
d:\feiq\trochilus\server\master\master\debug\localfileoperation.obj
d:\feiq\trochilus\server\master\master\debug\httpdown.obj
d:\feiq\trochilus\server\master\master\debug\filetransfer.obj
d:\feiq\trochilus\server\master\master\debug\common.obj
d:\feiq\trochilus\server\master\master\debug\commmanager.obj
d:\feiq\trochilus\server\bind\master.ilk
d:\feiq\trochilus\server\bind\master.dll
d:\feiq\trochilus\server\bind\master.pdb
d:\feiq\trochilus\server\libsd\master.lib
d:\feiq\trochilus\server\libsd\master.exp
d:\feiq\trochilus\server\master\master\debug\master.res
d:\feiq\trochilus\server\master\master\..\..\bind\master.dll
d:\feiq\trochilus\server\master\master\debug\master.tlog\cl.command.1.tlog
d:\feiq\trochilus\server\master\master\debug\master.tlog\cl.read.1.tlog
d:\feiq\trochilus\server\master\master\debug\master.tlog\cl.write.1.tlog
d:\feiq\trochilus\server\master\master\debug\master.tlog\link.command.1.tlog
d:\feiq\trochilus\server\master\master\debug\master.tlog\link.read.1.tlog
d:\feiq\trochilus\server\master\master\debug\master.tlog\link.write.1.tlog
d:\feiq\trochilus\server\master\master\debug\master.tlog\master.write.1u.tlog
d:\feiq\trochilus\server\master\master\debug\master.tlog\rc.command.1.tlog
d:\feiq\trochilus\server\master\master\debug\master.tlog\rc.read.1.tlog
d:\feiq\trochilus\server\master\master\debug\master.tlog\rc.write.1.tlog
